Build started 11.11.2015 1:53:17.
     1>Project "c:\Users\Кома\documents\visual studio 2013\Projects\Lab4_clock\Lab4_clock\Lab4_clock.vcxproj" on node 2 (ClCompile target(s)).
     1>ClCompile:
         C:\Program Files (x86)\Microsoft Visual Studio 12.0\VC\bin\CL.exe /c /Zi /nologo /W3 /WX- /sdl /O2 /Oi /Oy- /GL /D WIN32 /D NDEBUG /D _CONSOLE /D _LIB /D _UNICODE /D UNICODE /Gm- /EHsc /MD /GS /Gy /fp:precise /Zc:wchar_t /Zc:forScope /Fo"Release\\" /Fd"Release\vc120.pdb" /Gd /TP /analyze- /errorReport:prompt Source.cpp
         Source.cpp
     1>Source.cpp(1): fatal error C1083: Cannot open include file: 'stdafx.h': No such file or directory
     1>Done Building Project "c:\Users\Кома\documents\visual studio 2013\Projects\Lab4_clock\Lab4_clock\Lab4_clock.vcxproj" (ClCompile target(s)) -- FAILED.

Build FAILED.

Time Elapsed 00:00:00.31
